<?xml version="1.0" encoding="UTF-8"?>
<!-- Generated by org.testng.reporters.JUnitReportReporter -->
<testsuite hostname="GORANTLL1" failures="0" tests="4" name="com.coding.pushpa.VerfingPushPa" time="146.396" errors="0" timestamp="2022-05-05T13:34:19 IST" skipped="0">
  <testcase classname="com.coding.pushpa.VerfingPushPa" name="imdb" time="100.022"/>
  <system-out/>
  <testcase classname="com.coding.pushpa.VerfingPushPa" name="getReleaseDateinIMDB" time="39.555"/>
  <system-out/>
  <testcase classname="com.coding.pushpa.VerfingPushPa" name="navigateToWIKIPage" time="5.896"/>
  <system-out/>
  <testcase classname="com.coding.pushpa.VerfingPushPa" name="getReleaseDateAndCout" time="0.923"/>
  <system-out/>
</testsuite> <!-- com.coding.pushpa.VerfingPushPa -->
